1524435602524	geckodriver	INFO	geckodriver 0.19.1
1524435602532	geckodriver	INFO	Listening on 127.0.0.1:46113
1524435603608	mozrunner::runner	INFO	Running command: "/usr/bin/firefox" "-marionette" "-headless" "-profile" "/tmp/rust_mozprofile.mmoED50ccAHE"
*** You are running in headless mode.
1524435604302	Marionette	INFO	Enabled via --marionette
1524435605648	Marionette	INFO	Listening on port 42321
1524435605736	Marionette	WARN	TLS certificate errors will be ignored for this session
[GFX1-]: Receive IPC close with reason=AbnormalShutdown
[Child 6565, Chrome_ChildThread] WARNING: pipe error: Broken pipe: file /build/firefox-BgGWsI/firefox-59.0.2+build1/ipc/chromium/src/chrome/common/ipc_channel_posix.cc, line 709
[Child 6520, Chrome_ChildThread] WARNING: pipe error (17): Connection reset by peer: file /build/firefox-BgGWsI/firefox-59.0.2+build1/ipc/chromium/src/chrome/common/ipc_channel_posix.cc, line 353
[Child 6520, Chrome_ChildThread] WARNING: pipe error (3): Connection reset by peer: file /build/firefox-BgGWsI/firefox-59.0.2+build1/ipc/chromium/src/chrome/common/ipc_channel_posix.cc, line 353
1524435638220	geckodriver	INFO	geckodriver 0.19.1
1524435638227	geckodriver	INFO	Listening on 127.0.0.1:45941
1524435639297	mozrunner::runner	INFO	Running command: "/usr/bin/firefox" "-marionette" "-headless" "-profile" "/tmp/rust_mozprofile.coRHUwZgw0dn"
*** You are running in headless mode.
1524435639962	Marionette	INFO	Enabled via --marionette
1524435641176	Marionette	INFO	Listening on port 36415
1524435641218	Marionette	WARN	TLS certificate errors will be ignored for this session
[Child 6693, Chrome_ChildThread] WARNING: pipe error (17): Connection reset by peer: file /build/firefox-BgGWsI/firefox-59.0.2+build1/ipc/chromium/src/chrome/common/ipc_channel_posix.cc, line 353
[Child 6693, Chrome_ChildThread] WARNING: pipe error (3): Connection reset by peer: file /build/firefox-BgGWsI/firefox-59.0.2+build1/ipc/chromium/src/chrome/common/ipc_channel_posix.cc, line 353
1524435668126	geckodriver	INFO	geckodriver 0.19.1
1524435668131	geckodriver	INFO	Listening on 127.0.0.1:42131
1524435669201	mozrunner::runner	INFO	Running command: "/usr/bin/firefox" "-marionette" "-headless" "-profile" "/tmp/rust_mozprofile.SWWhGEyxOeyO"
*** You are running in headless mode.
1524435669870	Marionette	INFO	Enabled via --marionette
1524435671146	Marionette	INFO	Listening on port 33041
1524435671222	Marionette	WARN	TLS certificate errors will be ignored for this session
JavaScript error: https://www.premierleague.com/resources/ver/app/app-widgets.js, line 198: TypeError: i18n.lookup is not a function
[GFX1-]: Receive IPC close with reason=AbnormalShutdown
[Child 6855, Chrome_ChildThread] WARNING: pipe error (17): Connection reset by peer: file /build/firefox-BgGWsI/firefox-59.0.2+build1/ipc/chromium/src/chrome/common/ipc_channel_posix.cc, line 353
[Child 6901, Chrome_ChildThread] WARNING: pipe error: Broken pipe: file /build/firefox-BgGWsI/firefox-59.0.2+build1/ipc/chromium/src/chrome/common/ipc_channel_posix.cc, line 709
[Child 6855, Chrome_ChildThread] WARNING: pipe error (3): Connection reset by peer: file /build/firefox-BgGWsI/firefox-59.0.2+build1/ipc/chromium/src/chrome/common/ipc_channel_posix.cc, line 353
1524435695195	geckodriver	INFO	geckodriver 0.19.1
1524435695200	geckodriver	INFO	Listening on 127.0.0.1:44077
1524435696267	mozrunner::runner	INFO	Running command: "/usr/bin/firefox" "-marionette" "-headless" "-profile" "/tmp/rust_mozprofile.4gFo0oJOWOsf"
*** You are running in headless mode.
1524435696934	Marionette	INFO	Enabled via --marionette
1524435698218	Marionette	INFO	Listening on port 38383
1524435699246	Marionette	WARN	TLS certificate errors will be ignored for this session
JavaScript error: https://www.premierleague.com/resources/ver/app/app-widgets.js, line 198: TypeError: i18n.lookup is not a function
JavaScript error: https://www.premierleague.com/resources/ver/app/app-widgets.js, line 198: TypeError: i18n.lookup is not a function
[Child 7008, Chrome_ChildThread] WARNING: pipe error (17): Connection reset by peer: file /build/firefox-BgGWsI/firefox-59.0.2+build1/ipc/chromium/src/chrome/common/ipc_channel_posix.cc, line 353
[Child 7008, Chrome_ChildThread] WARNING: pipe error (3): Connection reset by peer: file /build/firefox-BgGWsI/firefox-59.0.2+build1/ipc/chromium/src/chrome/common/ipc_channel_posix.cc, line 353
1524435726769	geckodriver	INFO	geckodriver 0.19.1
1524435726774	geckodriver	INFO	Listening on 127.0.0.1:50937
1524435727840	mozrunner::runner	INFO	Running command: "/usr/bin/firefox" "-marionette" "-headless" "-profile" "/tmp/rust_mozprofile.XcsAZG76uLzq"
*** You are running in headless mode.
1524435728496	Marionette	INFO	Enabled via --marionette
1524435729718	Marionette	INFO	Listening on port 33025
1524435729762	Marionette	WARN	TLS certificate errors will be ignored for this session
[GFX1-]: Receive IPC close with reason=AbnormalShutdown
[Child 7175, Chrome_ChildThread] WARNING: pipe error (17): Connection reset by peer: file /build/firefox-BgGWsI/firefox-59.0.2+build1/ipc/chromium/src/chrome/common/ipc_channel_posix.cc, line 353
[Child 7175, Chrome_ChildThread] WARNING: pipe error (3): Connection reset by peer: file /build/firefox-BgGWsI/firefox-59.0.2+build1/ipc/chromium/src/chrome/common/ipc_channel_posix.cc, line 353
1524435756023	geckodriver	INFO	geckodriver 0.19.1
1524435756029	geckodriver	INFO	Listening on 127.0.0.1:34379
1524435757100	mozrunner::runner	INFO	Running command: "/usr/bin/firefox" "-marionette" "-headless" "-profile" "/tmp/rust_mozprofile.LFstRo6Ff74b"
*** You are running in headless mode.
1524435757762	Marionette	INFO	Enabled via --marionette
1524435759002	Marionette	INFO	Listening on port 33409
1524435759018	Marionette	WARN	TLS certificate errors will be ignored for this session
[Child 7333, Chrome_ChildThread] WARNING: pipe error (17): Connection reset by peer: file /build/firefox-BgGWsI/firefox-59.0.2+build1/ipc/chromium/src/chrome/common/ipc_channel_posix.cc, line 353
[Child 7333, Chrome_ChildThread] WARNING: pipe error (3): Connection reset by peer: file /build/firefox-BgGWsI/firefox-59.0.2+build1/ipc/chromium/src/chrome/common/ipc_channel_posix.cc, line 353
1524435776542	geckodriver	INFO	geckodriver 0.19.1
1524435776548	geckodriver	INFO	Listening on 127.0.0.1:58255
1524435777617	mozrunner::runner	INFO	Running command: "/usr/bin/firefox" "-marionette" "-headless" "-profile" "/tmp/rust_mozprofile.1xSiNcJUDVB4"
*** You are running in headless mode.
1524435778296	Marionette	INFO	Enabled via --marionette
1524435779568	Marionette	INFO	Listening on port 45321
1524435779642	Marionette	WARN	TLS certificate errors will be ignored for this session
[GFX1-]: Receive IPC close with reason=AbnormalShutdown
[Child 7503, Chrome_ChildThread] WARNING: pipe error (17): Connection reset by peer: file /build/firefox-BgGWsI/firefox-59.0.2+build1/ipc/chromium/src/chrome/common/ipc_channel_posix.cc, line 353
[Child 7503, Chrome_ChildThread] WARNING: pipe error (3): Connection reset by peer: file /build/firefox-BgGWsI/firefox-59.0.2+build1/ipc/chromium/src/chrome/common/ipc_channel_posix.cc, line 353
1524435805314	geckodriver	INFO	geckodriver 0.19.1
1524435805320	geckodriver	INFO	Listening on 127.0.0.1:53067
1524435806395	mozrunner::runner	INFO	Running command: "/usr/bin/firefox" "-marionette" "-headless" "-profile" "/tmp/rust_mozprofile.ErWXrcdPzW5h"
*** You are running in headless mode.
1524435807050	Marionette	INFO	Enabled via --marionette
1524435808276	Marionette	INFO	Listening on port 40843
1524435808304	Marionette	WARN	TLS certificate errors will be ignored for this session
JavaScript error: https://www.premierleague.com/resources/ver/app/app-widgets.js, line 198: TypeError: i18n.lookup is not a function
[GFX1-]: Receive IPC close with reason=AbnormalShutdown
[Child 7710, Chrome_ChildThread] WARNING: pipe error (3): Connection reset by peer: file /build/firefox-BgGWsI/firefox-59.0.2+build1/ipc/chromium/src/chrome/common/ipc_channel_posix.cc, line 353
[Child 7664, Chrome_ChildThread] WARNING: pipe error (17): Connection reset by peer: file /build/firefox-BgGWsI/firefox-59.0.2+build1/ipc/chromium/src/chrome/common/ipc_channel_posix.cc, line 353
[Child 7664, Chrome_ChildThread] WARNING: pipe error (3): Connection reset by peer: file /build/firefox-BgGWsI/firefox-59.0.2+build1/ipc/chromium/src/chrome/common/ipc_channel_posix.cc, line 353
1524435828626	geckodriver	INFO	geckodriver 0.19.1
1524435828632	geckodriver	INFO	Listening on 127.0.0.1:37527
1524435829701	mozrunner::runner	INFO	Running command: "/usr/bin/firefox" "-marionette" "-headless" "-profile" "/tmp/rust_mozprofile.ulJppqQDgCub"
*** You are running in headless mode.
1524435830560	Marionette	INFO	Enabled via --marionette
1524435832258	Marionette	INFO	Listening on port 37969
1524435832324	Marionette	WARN	TLS certificate errors will be ignored for this session
Sandbox: Unexpected EOF, op 0 flags 00 path /usr/share/locale/en_GB/LC_MESSAGES/libc.mo
[Child 7841, Chrome_ChildThread] WARNING: pipe error (36): Connection reset by peer: file /build/firefox-BgGWsI/firefox-59.0.2+build1/ipc/chromium/src/chrome/common/ipc_channel_posix.cc, line 353
[Child 7841, Chrome_ChildThread] WARNING: pipe error (17): Connection reset by peer: file /build/firefox-BgGWsI/firefox-59.0.2+build1/ipc/chromium/src/chrome/common/ipc_channel_posix.cc, line 353
[Child 7841, Chrome_ChildThread] WARNING: pipe error (3): Connection reset by peer: file /build/firefox-BgGWsI/firefox-59.0.2+build1/ipc/chromium/src/chrome/common/ipc_channel_posix.cc, line 353
1524437933576	geckodriver	INFO	geckodriver 0.19.1
1524437933583	geckodriver	INFO	Listening on 127.0.0.1:38267
1524437934654	mozrunner::runner	INFO	Running command: "/usr/bin/firefox" "-marionette" "-headless" "-profile" "/tmp/rust_mozprofile.iyRmSJgLZTW4"
*** You are running in headless mode.
1524437935322	Marionette	INFO	Enabled via --marionette
1524437936578	Marionette	INFO	Listening on port 45933
1524437936662	Marionette	WARN	TLS certificate errors will be ignored for this session
[GFX1-]: Receive IPC close with reason=AbnormalShutdown
[Child 9259, Chrome_ChildThread] WARNING: pipe error (3): Connection reset by peer: file /build/firefox-BgGWsI/firefox-59.0.2+build1/ipc/chromium/src/chrome/common/ipc_channel_posix.cc, line 353
[Child 9212, Chrome_ChildThread] WARNING: pipe error (17): Connection reset by peer: file /build/firefox-BgGWsI/firefox-59.0.2+build1/ipc/chromium/src/chrome/common/ipc_channel_posix.cc, line 353
[Child 9212, Chrome_ChildThread] WARNING: pipe error (3): Connection reset by peer: file /build/firefox-BgGWsI/firefox-59.0.2+build1/ipc/chromium/src/chrome/common/ipc_channel_posix.cc, line 353
1524437979113	geckodriver	INFO	geckodriver 0.19.1
1524437979122	geckodriver	INFO	Listening on 127.0.0.1:33937
1524437980187	mozrunner::runner	INFO	Running command: "/usr/bin/firefox" "-marionette" "-headless" "-profile" "/tmp/rust_mozprofile.Mm8ldWpBjNZ0"
*** You are running in headless mode.
1524437980852	Marionette	INFO	Enabled via --marionette
1524437982098	Marionette	INFO	Listening on port 42841
1524437983182	Marionette	WARN	TLS certificate errors will be ignored for this session
[GFX1-]: Receive IPC close with reason=AbnormalShutdown
[Child 9423, Chrome_ChildThread] WARNING: pipe error: Broken pipe: file /build/firefox-BgGWsI/firefox-59.0.2+build1/ipc/chromium/src/chrome/common/ipc_channel_posix.cc, line 709
[Child 9377, Chrome_ChildThread] WARNING: pipe error (17): Connection reset by peer: file /build/firefox-BgGWsI/firefox-59.0.2+build1/ipc/chromium/src/chrome/common/ipc_channel_posix.cc, line 353
[Child 9377, Chrome_ChildThread] WARNING: pipe error (3): Connection reset by peer: file /build/firefox-BgGWsI/firefox-59.0.2+build1/ipc/chromium/src/chrome/common/ipc_channel_posix.cc, line 353
